"../../../../../../Users/meres/OneDrive/Documents/Unreal Projects/Sokoban/Content/Blueprints/Game/BP_GameInstance.uasset" 0
"../../Plugins/2D/Paper2D/Content/PlaceholderTextures/DummySpriteTexture.uasset" 1
"../../Plugins/2D/Paper2D/Content/DummySpriteTexture.uasset" 2
"../../Plugins/2D/Paper2D/Content/DefaultSpriteMaterial.uasset" 3
"../../Plugins/2D/Paper2D/Content/TranslucentUnlitSpriteMaterial.uasset" 4
"../../../../../../Users/meres/OneDrive/Documents/Unreal Projects/Sokoban/Content/PushPushPuzzle2DKit/Textures/CoolGuy/T_CoolGuyDown.uasset" 5
"../../../../../../Users/meres/OneDrive/Documents/Unreal Projects/Sokoban/Content/PushPushPuzzle2DKit/Sprites/Player/CoolGuy/SP_CoolGuyDown.uasset" 6
"../../../../../../Users/meres/OneDrive/Documents/Unreal Projects/Sokoban/Content/PushPushPuzzle2DKit/Animations/CoolGuy/FB_CoolGuyDown.uasset" 7
"../../../../../../Users/meres/OneDrive/Documents/Unreal Projects/Sokoban/Content/PushPushPuzzle2DKit/Textures/CoolGuy/T_CoolGuyLeft.uasset" 8
"../../../../../../Users/meres/OneDrive/Documents/Unreal Projects/Sokoban/Content/PushPushPuzzle2DKit/Sprites/Player/CoolGuy/SP_CoolGuyLeft.uasset" 9
"../../../../../../Users/meres/OneDrive/Documents/Unreal Projects/Sokoban/Content/PushPushPuzzle2DKit/Animations/CoolGuy/FB_CoolGuyLeft.uasset" 10
"../../../../../../Users/meres/OneDrive/Documents/Unreal Projects/Sokoban/Content/PushPushPuzzle2DKit/Textures/CoolGuy/T_CoolGuyRight.uasset" 11
"../../../../../../Users/meres/OneDrive/Documents/Unreal Projects/Sokoban/Content/PushPushPuzzle2DKit/Sprites/Player/CoolGuy/SP_CoolGuyRight.uasset" 12
"../../../../../../Users/meres/OneDrive/Documents/Unreal Projects/Sokoban/Content/PushPushPuzzle2DKit/Animations/CoolGuy/FB_CoolGuyRight.uasset" 13
"../../../../../../Users/meres/OneDrive/Documents/Unreal Projects/Sokoban/Content/PushPushPuzzle2DKit/Textures/CoolGuy/T_CoolGuyUp.uasset" 14
"../../../../../../Users/meres/OneDrive/Documents/Unreal Projects/Sokoban/Content/PushPushPuzzle2DKit/Sprites/Player/CoolGuy/SP_CoolGuyUp.uasset" 15
"../../../../../../Users/meres/OneDrive/Documents/Unreal Projects/Sokoban/Content/PushPushPuzzle2DKit/Animations/CoolGuy/FB_CoolGuyUp.uasset" 16
"../../../../../../Users/meres/OneDrive/Documents/Unreal Projects/Sokoban/Content/PushPushPuzzle2DKit/Textures/TileSheets/T_PushPushPuzzleTileSheet.uasset" 17
"../../../../../../Users/meres/OneDrive/Documents/Unreal Projects/Sokoban/Content/PushPushPuzzle2DKit/Sprites/Player/Plumber1/SP_Plumber1Left.uasset" 18
"../../../../../../Users/meres/OneDrive/Documents/Unreal Projects/Sokoban/Content/PushPushPuzzle2DKit/Animations/Plumber1/FB_Plumber1Left.uasset" 19
"../../../../../../Users/meres/OneDrive/Documents/Unreal Projects/Sokoban/Content/PushPushPuzzle2DKit/Sprites/Player/Plumber1/SP_Plumber1Right.uasset" 20
"../../../../../../Users/meres/OneDrive/Documents/Unreal Projects/Sokoban/Content/PushPushPuzzle2DKit/Animations/Plumber1/FB_Plumber1Right.uasset" 21
"../../../../../../Users/meres/OneDrive/Documents/Unreal Projects/Sokoban/Content/PushPushPuzzle2DKit/Sprites/Player/Plumber1/SP_Plumber1Up.uasset" 22
"../../../../../../Users/meres/OneDrive/Documents/Unreal Projects/Sokoban/Content/PushPushPuzzle2DKit/Animations/Plumber1/FB_Plumber1Up.uasset" 23
"../../../../../../Users/meres/OneDrive/Documents/Unreal Projects/Sokoban/Content/PushPushPuzzle2DKit/Textures/Plumber2/T_Plumber2Down.uasset" 24
"../../../../../../Users/meres/OneDrive/Documents/Unreal Projects/Sokoban/Content/PushPushPuzzle2DKit/Sprites/Player/Plumber2/SP_Plumber2Down.uasset" 25
"../../../../../../Users/meres/OneDrive/Documents/Unreal Projects/Sokoban/Content/PushPushPuzzle2DKit/Animations/Plumber2/FB_Plumber2Down.uasset" 26
"../../../../../../Users/meres/OneDrive/Documents/Unreal Projects/Sokoban/Content/PushPushPuzzle2DKit/Textures/Plumber2/T_Plumber2Left.uasset" 27
"../../../../../../Users/meres/OneDrive/Documents/Unreal Projects/Sokoban/Content/PushPushPuzzle2DKit/Sprites/Player/Plumber2/SP_Plumber2Left.uasset" 28
"../../../../../../Users/meres/OneDrive/Documents/Unreal Projects/Sokoban/Content/PushPushPuzzle2DKit/Animations/Plumber2/FB_Plumber2Left.uasset" 29
"../../../../../../Users/meres/OneDrive/Documents/Unreal Projects/Sokoban/Content/PushPushPuzzle2DKit/Textures/Plumber2/T_Plumber2Right.uasset" 30
"../../../../../../Users/meres/OneDrive/Documents/Unreal Projects/Sokoban/Content/PushPushPuzzle2DKit/Sprites/Player/Plumber2/SP_Plumber2Right.uasset" 31
"../../../../../../Users/meres/OneDrive/Documents/Unreal Projects/Sokoban/Content/PushPushPuzzle2DKit/Animations/Plumber2/FB_Plumber2Right.uasset" 32
"../../../../../../Users/meres/OneDrive/Documents/Unreal Projects/Sokoban/Content/PushPushPuzzle2DKit/Textures/Plumber2/T_Plumber2Up.uasset" 33
"../../../../../../Users/meres/OneDrive/Documents/Unreal Projects/Sokoban/Content/PushPushPuzzle2DKit/Sprites/Player/Plumber2/SP_Plumber2Up.uasset" 34
"../../../../../../Users/meres/OneDrive/Documents/Unreal Projects/Sokoban/Content/PushPushPuzzle2DKit/Animations/Plumber2/FB_Plumber2Up.uasset" 35
"../../../../../../Users/meres/OneDrive/Documents/Unreal Projects/Sokoban/Content/PushPushPuzzle2DKit/Sounds/Wave/S_GameLoop.uasset" 36
"../../../../../../Users/meres/OneDrive/Documents/Unreal Projects/Sokoban/Content/PushPushPuzzle2DKit/Sounds/Cue/SC_GameLoop.uasset" 37
"../../../../../../Users/meres/OneDrive/Documents/Unreal Projects/Sokoban/Content/PushPushPuzzle2DKit/Sounds/Wave/S_MainMenuLoop.uasset" 38
"../../../../../../Users/meres/OneDrive/Documents/Unreal Projects/Sokoban/Content/PushPushPuzzle2DKit/Sounds/Cue/SC_MainMenuLoop.uasset" 39
"../../../../../../Users/meres/OneDrive/Documents/Unreal Projects/Sokoban/Content/PushPushPuzzle2DKit/Textures/Textures/TileSheets/T_PushPushPuzzleTileSheet.uasset" 40
"../../../../../../Users/meres/OneDrive/Documents/Unreal Projects/Sokoban/Content/PushPushPuzzle2DKit/Sprites/Boxes/SP_BoxRed2d.uasset" 41
"../../../../../../Users/meres/OneDrive/Documents/Unreal Projects/Sokoban/Content/PushPushPuzzle2DKit/Textures/Textures/CoolGuy/T_CoolGuyDown.uasset" 42
"../../../../../../Users/meres/OneDrive/Documents/Unreal Projects/Sokoban/Content/PushPushPuzzle2DKit/Textures/Textures/CoolGuy/T_CoolGuyLeft.uasset" 43
"../../../../../../Users/meres/OneDrive/Documents/Unreal Projects/Sokoban/Content/PushPushPuzzle2DKit/Textures/Textures/CoolGuy/T_CoolGuyRight.uasset" 44
"../../../../../../Users/meres/OneDrive/Documents/Unreal Projects/Sokoban/Content/PushPushPuzzle2DKit/Textures/Textures/CoolGuy/T_CoolGuyUp.uasset" 45
"../../../../../../Users/meres/OneDrive/Documents/Unreal Projects/Sokoban/Content/PushPushPuzzle2DKit/Textures/Textures/Plumber2/T_Plumber2Down.uasset" 46
"../../../../../../Users/meres/OneDrive/Documents/Unreal Projects/Sokoban/Content/PushPushPuzzle2DKit/Textures/Textures/Plumber2/T_Plumber2Left.uasset" 47
"../../../../../../Users/meres/OneDrive/Documents/Unreal Projects/Sokoban/Content/PushPushPuzzle2DKit/Textures/Textures/Plumber2/T_Plumber2Right.uasset" 48
"../../../../../../Users/meres/OneDrive/Documents/Unreal Projects/Sokoban/Content/PushPushPuzzle2DKit/Textures/Textures/Plumber2/T_Plumber2Up.uasset" 49
"../../../../../../Users/meres/OneDrive/Documents/Unreal Projects/Sokoban/Content/PushPushPuzzle2DKit/Textures/Textures/TileSheets/SP_BoxRed2d.uasset" 50
"../../../../../../Users/meres/OneDrive/Documents/Unreal Projects/Sokoban/Content/PushPushPuzzle2DKit/Textures/Textures/TileSheets/T_PushPushPuzzleTileSheetPadded.uasset" 51
"../../../../../../Users/meres/OneDrive/Documents/Unreal Projects/Sokoban/Content/PushPushPuzzle2DKit/Textures/Textures/TileSheets/T_PushPushPuzzleTileSheet_Sprite_0.uasset" 52
"../../../../../../Users/meres/OneDrive/Documents/Unreal Projects/Sokoban/Content/PushPushPuzzle2DKit/Textures/Textures/TileSheets/T_PushPushPuzzleTileSheet_Sprite_1.uasset" 53
"../../../../../../Users/meres/OneDrive/Documents/Unreal Projects/Sokoban/Content/PushPushPuzzle2DKit/Textures/Textures/TileSheets/T_PushPushPuzzleTileSheet_Sprite_10.uasset" 54
"../../../../../../Users/meres/OneDrive/Documents/Unreal Projects/Sokoban/Content/PushPushPuzzle2DKit/Textures/Textures/TileSheets/T_PushPushPuzzleTileSheet_Sprite_100.uasset" 55
"../../../../../../Users/meres/OneDrive/Documents/Unreal Projects/Sokoban/Content/PushPushPuzzle2DKit/Textures/Textures/TileSheets/T_PushPushPuzzleTileSheet_Sprite_101.uasset" 56
"../../../../../../Users/meres/OneDrive/Documents/Unreal Projects/Sokoban/Content/PushPushPuzzle2DKit/Textures/Textures/TileSheets/T_PushPushPuzzleTileSheet_Sprite_102.uasset" 57
"../../../../../../Users/meres/OneDrive/Documents/Unreal Projects/Sokoban/Content/PushPushPuzzle2DKit/Textures/Textures/TileSheets/T_PushPushPuzzleTileSheet_Sprite_103.uasset" 58
"../../../../../../Users/meres/OneDrive/Documents/Unreal Projects/Sokoban/Content/PushPushPuzzle2DKit/Textures/Textures/TileSheets/T_PushPushPuzzleTileSheet_Sprite_11.uasset" 59
"../../../../../../Users/meres/OneDrive/Documents/Unreal Projects/Sokoban/Content/PushPushPuzzle2DKit/Textures/Textures/TileSheets/T_PushPushPuzzleTileSheet_Sprite_12.uasset" 60
"../../../../../../Users/meres/OneDrive/Documents/Unreal Projects/Sokoban/Content/PushPushPuzzle2DKit/Textures/Textures/TileSheets/T_PushPushPuzzleTileSheet_Sprite_13.uasset" 61
"../../../../../../Users/meres/OneDrive/Documents/Unreal Projects/Sokoban/Content/PushPushPuzzle2DKit/Textures/Textures/TileSheets/T_PushPushPuzzleTileSheet_Sprite_14.uasset" 62
"../../../../../../Users/meres/OneDrive/Documents/Unreal Projects/Sokoban/Content/PushPushPuzzle2DKit/Textures/Textures/TileSheets/T_PushPushPuzzleTileSheet_Sprite_15.uasset" 63
"../../../../../../Users/meres/OneDrive/Documents/Unreal Projects/Sokoban/Content/PushPushPuzzle2DKit/Textures/Textures/TileSheets/T_PushPushPuzzleTileSheet_Sprite_16.uasset" 64
"../../../../../../Users/meres/OneDrive/Documents/Unreal Projects/Sokoban/Content/PushPushPuzzle2DKit/Textures/Textures/TileSheets/T_PushPushPuzzleTileSheet_Sprite_17.uasset" 65
"../../../../../../Users/meres/OneDrive/Documents/Unreal Projects/Sokoban/Content/PushPushPuzzle2DKit/Textures/Textures/TileSheets/T_PushPushPuzzleTileSheet_Sprite_18.uasset" 66
"../../../../../../Users/meres/OneDrive/Documents/Unreal Projects/Sokoban/Content/PushPushPuzzle2DKit/Textures/Textures/TileSheets/T_PushPushPuzzleTileSheet_Sprite_19.uasset" 67
"../../../../../../Users/meres/OneDrive/Documents/Unreal Projects/Sokoban/Content/PushPushPuzzle2DKit/Textures/Textures/TileSheets/T_PushPushPuzzleTileSheet_Sprite_20.uasset" 68
"../../../../../../Users/meres/OneDrive/Documents/Unreal Projects/Sokoban/Content/PushPushPuzzle2DKit/Textures/Textures/TileSheets/T_PushPushPuzzleTileSheet_Sprite_21.uasset" 69
"../../../../../../Users/meres/OneDrive/Documents/Unreal Projects/Sokoban/Content/PushPushPuzzle2DKit/Textures/Textures/TileSheets/T_PushPushPuzzleTileSheet_Sprite_22.uasset" 70
"../../../../../../Users/meres/OneDrive/Documents/Unreal Projects/Sokoban/Content/PushPushPuzzle2DKit/Textures/Textures/TileSheets/T_PushPushPuzzleTileSheet_Sprite_23.uasset" 71
"../../../../../../Users/meres/OneDrive/Documents/Unreal Projects/Sokoban/Content/PushPushPuzzle2DKit/Textures/Textures/TileSheets/T_PushPushPuzzleTileSheet_Sprite_24.uasset" 72
"../../../../../../Users/meres/OneDrive/Documents/Unreal Projects/Sokoban/Content/PushPushPuzzle2DKit/Textures/Textures/TileSheets/T_PushPushPuzzleTileSheet_Sprite_25.uasset" 73
"../../../../../../Users/meres/OneDrive/Documents/Unreal Projects/Sokoban/Content/PushPushPuzzle2DKit/Textures/Textures/TileSheets/T_PushPushPuzzleTileSheet_Sprite_26.uasset" 74
"../../../../../../Users/meres/OneDrive/Documents/Unreal Projects/Sokoban/Content/PushPushPuzzle2DKit/Textures/Textures/TileSheets/T_PushPushPuzzleTileSheet_Sprite_27.uasset" 75
"../../../../../../Users/meres/OneDrive/Documents/Unreal Projects/Sokoban/Content/PushPushPuzzle2DKit/Textures/Textures/TileSheets/T_PushPushPuzzleTileSheet_Sprite_28.uasset" 76
"../../../../../../Users/meres/OneDrive/Documents/Unreal Projects/Sokoban/Content/PushPushPuzzle2DKit/Textures/Textures/TileSheets/T_PushPushPuzzleTileSheet_Sprite_29.uasset" 77
"../../../../../../Users/meres/OneDrive/Documents/Unreal Projects/Sokoban/Content/PushPushPuzzle2DKit/Textures/Textures/TileSheets/T_PushPushPuzzleTileSheet_Sprite_3.uasset" 78
"../../../../../../Users/meres/OneDrive/Documents/Unreal Projects/Sokoban/Content/PushPushPuzzle2DKit/Textures/Textures/TileSheets/T_PushPushPuzzleTileSheet_Sprite_30.uasset" 79
"../../../../../../Users/meres/OneDrive/Documents/Unreal Projects/Sokoban/Content/PushPushPuzzle2DKit/Textures/Textures/TileSheets/T_PushPushPuzzleTileSheet_Sprite_31.uasset" 80
"../../../../../../Users/meres/OneDrive/Documents/Unreal Projects/Sokoban/Content/PushPushPuzzle2DKit/Textures/Textures/TileSheets/T_PushPushPuzzleTileSheet_Sprite_32.uasset" 81
"../../../../../../Users/meres/OneDrive/Documents/Unreal Projects/Sokoban/Content/PushPushPuzzle2DKit/Textures/Textures/TileSheets/T_PushPushPuzzleTileSheet_Sprite_33.uasset" 82
"../../../../../../Users/meres/OneDrive/Documents/Unreal Projects/Sokoban/Content/PushPushPuzzle2DKit/Textures/Textures/TileSheets/T_PushPushPuzzleTileSheet_Sprite_34.uasset" 83
"../../../../../../Users/meres/OneDrive/Documents/Unreal Projects/Sokoban/Content/PushPushPuzzle2DKit/Textures/Textures/TileSheets/T_PushPushPuzzleTileSheet_Sprite_35.uasset" 84
"../../../../../../Users/meres/OneDrive/Documents/Unreal Projects/Sokoban/Content/PushPushPuzzle2DKit/Textures/Textures/TileSheets/T_PushPushPuzzleTileSheet_Sprite_36.uasset" 85
"../../../../../../Users/meres/OneDrive/Documents/Unreal Projects/Sokoban/Content/PushPushPuzzle2DKit/Textures/Textures/TileSheets/T_PushPushPuzzleTileSheet_Sprite_37.uasset" 86
"../../../../../../Users/meres/OneDrive/Documents/Unreal Projects/Sokoban/Content/PushPushPuzzle2DKit/Textures/Textures/TileSheets/T_PushPushPuzzleTileSheet_Sprite_38.uasset" 87
"../../../../../../Users/meres/OneDrive/Documents/Unreal Projects/Sokoban/Content/PushPushPuzzle2DKit/Textures/Textures/TileSheets/T_PushPushPuzzleTileSheet_Sprite_39.uasset" 88
"../../../../../../Users/meres/OneDrive/Documents/Unreal Projects/Sokoban/Content/PushPushPuzzle2DKit/Textures/Textures/TileSheets/T_PushPushPuzzleTileSheet_Sprite_4.uasset" 89
"../../../../../../Users/meres/OneDrive/Documents/Unreal Projects/Sokoban/Content/PushPushPuzzle2DKit/Textures/Textures/TileSheets/T_PushPushPuzzleTileSheet_Sprite_40.uasset" 90
"../../../../../../Users/meres/OneDrive/Documents/Unreal Projects/Sokoban/Content/PushPushPuzzle2DKit/Textures/Textures/TileSheets/T_PushPushPuzzleTileSheet_Sprite_41.uasset" 91
"../../../../../../Users/meres/OneDrive/Documents/Unreal Projects/Sokoban/Content/PushPushPuzzle2DKit/Textures/Textures/TileSheets/T_PushPushPuzzleTileSheet_Sprite_42.uasset" 92
"../../../../../../Users/meres/OneDrive/Documents/Unreal Projects/Sokoban/Content/PushPushPuzzle2DKit/Textures/Textures/TileSheets/T_PushPushPuzzleTileSheet_Sprite_43.uasset" 93
"../../../../../../Users/meres/OneDrive/Documents/Unreal Projects/Sokoban/Content/PushPushPuzzle2DKit/Textures/Textures/TileSheets/T_PushPushPuzzleTileSheet_Sprite_44.uasset" 94
"../../../../../../Users/meres/OneDrive/Documents/Unreal Projects/Sokoban/Content/PushPushPuzzle2DKit/Textures/Textures/TileSheets/T_PushPushPuzzleTileSheet_Sprite_45.uasset" 95
"../../../../../../Users/meres/OneDrive/Documents/Unreal Projects/Sokoban/Content/PushPushPuzzle2DKit/Textures/Textures/TileSheets/T_PushPushPuzzleTileSheet_Sprite_46.uasset" 96
"../../../../../../Users/meres/OneDrive/Documents/Unreal Projects/Sokoban/Content/PushPushPuzzle2DKit/Textures/Textures/TileSheets/T_PushPushPuzzleTileSheet_Sprite_47.uasset" 97
"../../../../../../Users/meres/OneDrive/Documents/Unreal Projects/Sokoban/Content/PushPushPuzzle2DKit/Textures/Textures/TileSheets/T_PushPushPuzzleTileSheet_Sprite_48.uasset" 98
"../../../../../../Users/meres/OneDrive/Documents/Unreal Projects/Sokoban/Content/PushPushPuzzle2DKit/Textures/Textures/TileSheets/T_PushPushPuzzleTileSheet_Sprite_49.uasset" 99
"../../../../../../Users/meres/OneDrive/Documents/Unreal Projects/Sokoban/Content/PushPushPuzzle2DKit/Textures/Textures/TileSheets/T_PushPushPuzzleTileSheet_Sprite_5.uasset" 100
"../../../../../../Users/meres/OneDrive/Documents/Unreal Projects/Sokoban/Content/PushPushPuzzle2DKit/Textures/Textures/TileSheets/T_PushPushPuzzleTileSheet_Sprite_50.uasset" 101
"../../../../../../Users/meres/OneDrive/Documents/Unreal Projects/Sokoban/Content/PushPushPuzzle2DKit/Textures/Textures/TileSheets/T_PushPushPuzzleTileSheet_Sprite_51.uasset" 102
"../../../../../../Users/meres/OneDrive/Documents/Unreal Projects/Sokoban/Content/PushPushPuzzle2DKit/Textures/Textures/TileSheets/T_PushPushPuzzleTileSheet_Sprite_52.uasset" 103
"../../../../../../Users/meres/OneDrive/Documents/Unreal Projects/Sokoban/Content/PushPushPuzzle2DKit/Textures/Textures/TileSheets/T_PushPushPuzzleTileSheet_Sprite_53.uasset" 104
"../../../../../../Users/meres/OneDrive/Documents/Unreal Projects/Sokoban/Content/PushPushPuzzle2DKit/Textures/Textures/TileSheets/T_PushPushPuzzleTileSheet_Sprite_54.uasset" 105
"../../../../../../Users/meres/OneDrive/Documents/Unreal Projects/Sokoban/Content/PushPushPuzzle2DKit/Textures/Textures/TileSheets/T_PushPushPuzzleTileSheet_Sprite_55.uasset" 106
"../../../../../../Users/meres/OneDrive/Documents/Unreal Projects/Sokoban/Content/PushPushPuzzle2DKit/Textures/Textures/TileSheets/T_PushPushPuzzleTileSheet_Sprite_56.uasset" 107
"../../../../../../Users/meres/OneDrive/Documents/Unreal Projects/Sokoban/Content/PushPushPuzzle2DKit/Textures/Textures/TileSheets/T_PushPushPuzzleTileSheet_Sprite_57.uasset" 108
"../../../../../../Users/meres/OneDrive/Documents/Unreal Projects/Sokoban/Content/PushPushPuzzle2DKit/Textures/Textures/TileSheets/T_PushPushPuzzleTileSheet_Sprite_58.uasset" 109
"../../../../../../Users/meres/OneDrive/Documents/Unreal Projects/Sokoban/Content/PushPushPuzzle2DKit/Textures/Textures/TileSheets/T_PushPushPuzzleTileSheet_Sprite_59.uasset" 110
"../../../../../../Users/meres/OneDrive/Documents/Unreal Projects/Sokoban/Content/PushPushPuzzle2DKit/Textures/Textures/TileSheets/T_PushPushPuzzleTileSheet_Sprite_6.uasset" 111
"../../../../../../Users/meres/OneDrive/Documents/Unreal Projects/Sokoban/Content/PushPushPuzzle2DKit/Textures/Textures/TileSheets/T_PushPushPuzzleTileSheet_Sprite_60.uasset" 112
"../../../../../../Users/meres/OneDrive/Documents/Unreal Projects/Sokoban/Content/PushPushPuzzle2DKit/Textures/Textures/TileSheets/T_PushPushPuzzleTileSheet_Sprite_61.uasset" 113
"../../../../../../Users/meres/OneDrive/Documents/Unreal Projects/Sokoban/Content/PushPushPuzzle2DKit/Textures/Textures/TileSheets/T_PushPushPuzzleTileSheet_Sprite_62.uasset" 114
"../../../../../../Users/meres/OneDrive/Documents/Unreal Projects/Sokoban/Content/PushPushPuzzle2DKit/Textures/Textures/TileSheets/T_PushPushPuzzleTileSheet_Sprite_63.uasset" 115
"../../../../../../Users/meres/OneDrive/Documents/Unreal Projects/Sokoban/Content/PushPushPuzzle2DKit/Textures/Textures/TileSheets/T_PushPushPuzzleTileSheet_Sprite_64.uasset" 116
"../../../../../../Users/meres/OneDrive/Documents/Unreal Projects/Sokoban/Content/PushPushPuzzle2DKit/Textures/Textures/TileSheets/T_PushPushPuzzleTileSheet_Sprite_7.uasset" 117
"../../../../../../Users/meres/OneDrive/Documents/Unreal Projects/Sokoban/Content/PushPushPuzzle2DKit/Textures/Textures/TileSheets/T_PushPushPuzzleTileSheet_Sprite_71.uasset" 118
"../../../../../../Users/meres/OneDrive/Documents/Unreal Projects/Sokoban/Content/PushPushPuzzle2DKit/Textures/Textures/TileSheets/T_PushPushPuzzleTileSheet_Sprite_72.uasset" 119
"../../../../../../Users/meres/OneDrive/Documents/Unreal Projects/Sokoban/Content/PushPushPuzzle2DKit/Textures/Textures/TileSheets/T_PushPushPuzzleTileSheet_Sprite_73.uasset" 120
"../../../../../../Users/meres/OneDrive/Documents/Unreal Projects/Sokoban/Content/PushPushPuzzle2DKit/Textures/Textures/TileSheets/T_PushPushPuzzleTileSheet_Sprite_74.uasset" 121
"../../../../../../Users/meres/OneDrive/Documents/Unreal Projects/Sokoban/Content/PushPushPuzzle2DKit/Textures/Textures/TileSheets/T_PushPushPuzzleTileSheet_Sprite_75.uasset" 122
"../../../../../../Users/meres/OneDrive/Documents/Unreal Projects/Sokoban/Content/PushPushPuzzle2DKit/Textures/Textures/TileSheets/T_PushPushPuzzleTileSheet_Sprite_76.uasset" 123
"../../../../../../Users/meres/OneDrive/Documents/Unreal Projects/Sokoban/Content/PushPushPuzzle2DKit/Textures/Textures/TileSheets/T_PushPushPuzzleTileSheet_Sprite_77.uasset" 124
"../../../../../../Users/meres/OneDrive/Documents/Unreal Projects/Sokoban/Content/PushPushPuzzle2DKit/Textures/Textures/TileSheets/T_PushPushPuzzleTileSheet_Sprite_78.uasset" 125
"../../../../../../Users/meres/OneDrive/Documents/Unreal Projects/Sokoban/Content/PushPushPuzzle2DKit/Textures/Textures/TileSheets/T_PushPushPuzzleTileSheet_Sprite_79.uasset" 126
"../../../../../../Users/meres/OneDrive/Documents/Unreal Projects/Sokoban/Content/PushPushPuzzle2DKit/Textures/Textures/TileSheets/T_PushPushPuzzleTileSheet_Sprite_8.uasset" 127
"../../../../../../Users/meres/OneDrive/Documents/Unreal Projects/Sokoban/Content/PushPushPuzzle2DKit/Textures/Textures/TileSheets/T_PushPushPuzzleTileSheet_Sprite_80.uasset" 128
"../../../../../../Users/meres/OneDrive/Documents/Unreal Projects/Sokoban/Content/PushPushPuzzle2DKit/Textures/Textures/TileSheets/T_PushPushPuzzleTileSheet_Sprite_81.uasset" 129
"../../../../../../Users/meres/OneDrive/Documents/Unreal Projects/Sokoban/Content/PushPushPuzzle2DKit/Textures/Textures/TileSheets/T_PushPushPuzzleTileSheet_Sprite_82.uasset" 130
"../../../../../../Users/meres/OneDrive/Documents/Unreal Projects/Sokoban/Content/PushPushPuzzle2DKit/Textures/Textures/TileSheets/T_PushPushPuzzleTileSheet_Sprite_83.uasset" 131
"../../../../../../Users/meres/OneDrive/Documents/Unreal Projects/Sokoban/Content/PushPushPuzzle2DKit/Textures/Textures/TileSheets/T_PushPushPuzzleTileSheet_Sprite_84.uasset" 132
"../../../../../../Users/meres/OneDrive/Documents/Unreal Projects/Sokoban/Content/PushPushPuzzle2DKit/Textures/Textures/TileSheets/T_PushPushPuzzleTileSheet_Sprite_85.uasset" 133
"../../../../../../Users/meres/OneDrive/Documents/Unreal Projects/Sokoban/Content/PushPushPuzzle2DKit/Textures/Textures/TileSheets/T_PushPushPuzzleTileSheet_Sprite_86.uasset" 134
"../../../../../../Users/meres/OneDrive/Documents/Unreal Projects/Sokoban/Content/PushPushPuzzle2DKit/Textures/Textures/TileSheets/T_PushPushPuzzleTileSheet_Sprite_87.uasset" 135
"../../../../../../Users/meres/OneDrive/Documents/Unreal Projects/Sokoban/Content/PushPushPuzzle2DKit/Textures/Textures/TileSheets/T_PushPushPuzzleTileSheet_Sprite_88.uasset" 136
"../../../../../../Users/meres/OneDrive/Documents/Unreal Projects/Sokoban/Content/PushPushPuzzle2DKit/Textures/Textures/TileSheets/T_PushPushPuzzleTileSheet_Sprite_89.uasset" 137
"../../../../../../Users/meres/OneDrive/Documents/Unreal Projects/Sokoban/Content/PushPushPuzzle2DKit/Textures/Textures/TileSheets/T_PushPushPuzzleTileSheet_Sprite_9.uasset" 138
"../../../../../../Users/meres/OneDrive/Documents/Unreal Projects/Sokoban/Content/PushPushPuzzle2DKit/Textures/Textures/TileSheets/T_PushPushPuzzleTileSheet_Sprite_90.uasset" 139
"../../../../../../Users/meres/OneDrive/Documents/Unreal Projects/Sokoban/Content/PushPushPuzzle2DKit/Textures/Textures/TileSheets/T_PushPushPuzzleTileSheet_Sprite_97.uasset" 140
"../../../../../../Users/meres/OneDrive/Documents/Unreal Projects/Sokoban/Content/PushPushPuzzle2DKit/Textures/Textures/TileSheets/T_PushPushPuzzleTileSheet_Sprite_98.uasset" 141
"../../../../../../Users/meres/OneDrive/Documents/Unreal Projects/Sokoban/Content/PushPushPuzzle2DKit/Textures/Textures/TileSheets/T_PushPushPuzzleTileSheet_Sprite_99.uasset" 142
"../../../../../../Users/meres/OneDrive/Documents/Unreal Projects/Sokoban/Content/PushPushPuzzle2DKit/Textures/Textures/UI/T_Back.uasset" 143
"../../../../../../Users/meres/OneDrive/Documents/Unreal Projects/Sokoban/Content/PushPushPuzzle2DKit/Textures/Textures/UI/T_Checkmark.uasset" 144
"../../../../../../Users/meres/OneDrive/Documents/Unreal Projects/Sokoban/Content/PushPushPuzzle2DKit/Textures/Textures/UI/T_Clock.uasset" 145
"../../../../../../Users/meres/OneDrive/Documents/Unreal Projects/Sokoban/Content/PushPushPuzzle2DKit/Textures/Textures/UI/T_Coin.uasset" 146
"../../../../../../Users/meres/OneDrive/Documents/Unreal Projects/Sokoban/Content/PushPushPuzzle2DKit/Textures/Textures/UI/T_Controls.uasset" 147
"../../../../../../Users/meres/OneDrive/Documents/Unreal Projects/Sokoban/Content/PushPushPuzzle2DKit/Textures/Textures/UI/T_Help.uasset" 148
"../../../../../../Users/meres/OneDrive/Documents/Unreal Projects/Sokoban/Content/PushPushPuzzle2DKit/Textures/Textures/UI/T_Locked.uasset" 149
"../../../../../../Users/meres/OneDrive/Documents/Unreal Projects/Sokoban/Content/PushPushPuzzle2DKit/Textures/Textures/UI/T_Options.uasset" 150
"../../../../../../Users/meres/OneDrive/Documents/Unreal Projects/Sokoban/Content/PushPushPuzzle2DKit/Textures/Textures/UI/T_Pause.uasset" 151
"../../../../../../Users/meres/OneDrive/Documents/Unreal Projects/Sokoban/Content/PushPushPuzzle2DKit/Textures/Textures/UI/T_Player.uasset" 152
"../../../../../../Users/meres/OneDrive/Documents/Unreal Projects/Sokoban/Content/PushPushPuzzle2DKit/Textures/Textures/UI/T_Reset.uasset" 153
"../../../../../../Users/meres/OneDrive/Documents/Unreal Projects/Sokoban/Content/PushPushPuzzle2DKit/Textures/Textures/UI/T_Trash.uasset" 154
"../../../../../../Users/meres/OneDrive/Documents/Unreal Projects/Sokoban/Content/PushPushPuzzle2DKit/Textures/Textures/UI/T_Trophy.uasset" 155
"../../../../../../Users/meres/OneDrive/Documents/Unreal Projects/Sokoban/Content/PushPushPuzzle2DKit/Textures/UI/T_Back.uasset" 156
"../../../../../../Users/meres/OneDrive/Documents/Unreal Projects/Sokoban/Content/PushPushPuzzle2DKit/Textures/UI/T_Checkmark.uasset" 157
"../../../../../../Users/meres/OneDrive/Documents/Unreal Projects/Sokoban/Content/PushPushPuzzle2DKit/Textures/UI/T_Clock.uasset" 158
"../../../../../../Users/meres/OneDrive/Documents/Unreal Projects/Sokoban/Content/PushPushPuzzle2DKit/Textures/UI/T_Controls.uasset" 159
"../../../../../../Users/meres/OneDrive/Documents/Unreal Projects/Sokoban/Content/PushPushPuzzle2DKit/Textures/UI/T_Help.uasset" 160
"../../../../../../Users/meres/OneDrive/Documents/Unreal Projects/Sokoban/Content/PushPushPuzzle2DKit/Textures/UI/T_Locked.uasset" 161
"../../../../../../Users/meres/OneDrive/Documents/Unreal Projects/Sokoban/Content/PushPushPuzzle2DKit/Textures/UI/T_MainMenuBackground.uasset" 162
"../../../../../../Users/meres/OneDrive/Documents/Unreal Projects/Sokoban/Content/PushPushPuzzle2DKit/Textures/UI/T_Pause.uasset" 163
"../../../../../../Users/meres/OneDrive/Documents/Unreal Projects/Sokoban/Content/PushPushPuzzle2DKit/Textures/UI/T_Play.uasset" 164
"../../../../../../Users/meres/OneDrive/Documents/Unreal Projects/Sokoban/Content/PushPushPuzzle2DKit/Textures/UI/T_Player.uasset" 165
"../../../../../../Users/meres/OneDrive/Documents/Unreal Projects/Sokoban/Content/PushPushPuzzle2DKit/Textures/UI/T_Reset.uasset" 166
"../../../../../../Users/meres/OneDrive/Documents/Unreal Projects/Sokoban/Content/PushPushPuzzle2DKit/Textures/UI/T_Steps.uasset" 167
"../../../../../../Users/meres/OneDrive/Documents/Unreal Projects/Sokoban/Content/PushPushPuzzle2DKit/Textures/UI/T_Trash.uasset" 168
"../../../../../../Users/meres/OneDrive/Documents/Unreal Projects/Sokoban/Content/PushPushPuzzle2DKit/Textures/UI/T_Trophy.uasset" 169
"../../../Engine/Content/Animation/DefaultAnimCurveCompressionSettings.uasset" 170
"../../../Engine/Content/Functions/Engine_MaterialFunctions01/Opacity/CameraDepthFade.uasset" 171
"../../../Engine/Content/EngineMaterials/T_Default_Material_Grid_M.uasset" 172
"../../../Engine/Content/EngineMaterials/T_Default_Material_Grid_N.uasset" 173
"../../../Engine/Content/EngineMaterials/WorldGridMaterial.uasset" 174
"../../../Engine/Content/ArtTools/RenderToTexture/Meshes/S_1_Unit_Plane.uasset" 175
"../../../Engine/Content/EngineMaterials/DefaultMaterial.uasset" 176
"../../../Engine/Content/BasicShapes/Cone.uasset" 177
"../../../Engine/Content/BasicShapes/Cube.uasset" 178
"../../../Engine/Content/BasicShapes/Cylinder.uasset" 179
"../../../Engine/Content/BasicShapes/Plane.uasset" 180
"../../../Engine/Content/BasicShapes/Sphere.uasset" 181
"../../../Engine/Content/EditorLandscapeResources/DataLayer.uasset" 182
"../../../Engine/Content/EditorMaterials/MAT_Groups_Toggle.uasset" 183
"../../../Engine/Content/EditorMaterials/MAT_Groups_Visibility.uasset" 184
"../../../Engine/Content/EditorMaterials/PreviewShadowIndicator.uasset" 185
"../../../Engine/Content/EditorMaterials/PreviewShadowIndicatorMaterial.uasset" 186
"../../../Engine/Content/EditorMaterials/MatineeGroups/MAT_ColorTrack.uasset" 187
"../../../Engine/Content/EditorMaterials/MatineeGroups/MAT_Groups_Anim.uasset" 188
"../../../Engine/Content/EditorMaterials/MatineeGroups/MAT_Groups_AudioMaster.uasset" 189
"../../../Engine/Content/EditorMaterials/MatineeGroups/MAT_Groups_Director.uasset" 190
"../../../Engine/Content/EditorMaterials/MatineeGroups/MAT_Groups_Event.uasset" 191
"../../../Engine/Content/EditorMaterials/MatineeGroups/MAT_Groups_Fade.uasset" 192
"../../../Engine/Content/EditorMaterials/MatineeGroups/MAT_Groups_Float.uasset" 193
"../../../Engine/Content/EditorMaterials/MatineeGroups/MAT_Groups_Move.uasset" 194
"../../../Engine/Content/EditorMaterials/MatineeGroups/MAT_Groups_Slomo.uasset" 195
"../../../Engine/Content/EditorMaterials/MatineeGroups/MAT_Groups_Sound.uasset" 196
"../../../Engine/Content/EditorMaterials/MatineeGroups/MAT_Groups_Vector.uasset" 197
"../../../Engine/Content/EditorMaterials/ParticleSystems/PSysThumbnail_NoImage.uasset" 198
"../../../Engine/Content/EditorMaterials/ParticleSystems/PSysThumbnail_OOD.uasset" 199
"../../../Engine/Content/EditorMaterials/Camera/CineMat.uasset" 200
"../../../Engine/Content/EditorMaterials/Camera/MI_CineMat_Rig.uasset" 201
"../../../Engine/Content/EditorMeshes/Camera/SM_CraneRig_Arm.uasset" 202
"../../../Engine/Content/EditorMeshes/Camera/SM_CraneRig_Base.uasset" 203
"../../../Engine/Content/EditorMeshes/Camera/SM_CraneRig_Body.uasset" 204
"../../../Engine/Content/EditorMeshes/Camera/SM_CraneRig_Mount.uasset" 205
"../../../Engine/Content/EditorMeshes/Camera/SM_RailRig_Mount.uasset" 206
"../../../Engine/Content/EditorMeshes/Camera/SM_RailRig_Track.uasset" 207
"../../../Engine/Content/EditorResources/BSPVertex.uasset" 208
"../../../Engine/Content/EditorResources/S_Actor.uasset" 209
"../../../Engine/Content/EditorResources/S_Note.uasset" 210
"../../../Engine/Content/EditorResources/S_Solver.uasset" 211
"../../../Engine/Content/EditorResources/S_Trigger.uasset" 212
"../../../Engine/Content/EditorResources/SequenceRecorder/Countdown.uasset" 213
"../../../Engine/Content/EditorResources/SequenceRecorder/RecordingIndicator.uasset" 214
"../../../Engine/Content/EditorSounds/Notifications/CompileFailed.uasset" 215
"../../../Engine/Content/EditorSounds/Notifications/CompileFailed_Cue.uasset" 216
"../../../Engine/Content/EditorSounds/Notifications/CompileSuccess.uasset" 217
"../../../Engine/Content/EditorSounds/Notifications/CompileStart_Cue.uasset" 218
"../../../Engine/Content/EditorSounds/Notifications/CompileSuccess_Cue.uasset" 219
"../../../Engine/Content/EngineDamageTypes/DmgTypeBP_Environmental.uasset" 220
"../../../Engine/Content/EngineDebugMaterials/DebugEditorMaterial.uasset" 221
"../../../Engine/Content/EngineDebugMaterials/DebugMeshMaterial.uasset" 222
"../../../Engine/Content/EngineDebugMaterials/M_SimpleTranslucent.uasset" 223
"../../../Engine/Content/Functions/Engine_MaterialFunctions02/Utility/CameraDirectionVector.uasset" 224
"../../../Engine/Content/EngineDebugMaterials/VolumeToRender.uasset" 225
"../../../Engine/Content/EngineDebugMaterials/M_VolumeRenderSphereTracePP.uasset" 226
"../../../Engine/Content/EngineDebugMaterials/WireframeMaterial.uasset" 227
"../../../Engine/Content/EngineFonts/Faces/DroidSansFallback.uasset" 228
"../../../Engine/Content/EngineFonts/Faces/RobotoBold.uasset" 229
"../../../Engine/Content/EngineFonts/Faces/RobotoBoldItalic.uasset" 230
"../../../Engine/Content/EngineFonts/Faces/RobotoItalic.uasset" 231
"../../../Engine/Content/EngineFonts/Faces/RobotoLight.uasset" 232
"../../../Engine/Content/EngineFonts/Faces/RobotoRegular.uasset" 233
"../../../Engine/Content/EngineFonts/Roboto.uasset" 234
"../../../Engine/Content/EngineMaterials/BaseFlattenDiffuseMap.uasset" 235
"../../../Engine/Content/EngineMaterials/BaseFlattenEmissiveMap.uasset" 236
"../../../Engine/Content/EngineMaterials/BaseFlattenGrayscaleMap.uasset" 237
"../../../Engine/Content/EngineMaterials/BaseFlattenNormalMap.uasset" 238
"../../../Engine/Content/EngineMaterials/BaseFlattenMaterial.uasset" 239
"../../../Engine/Content/EngineMaterials/BlueNoise.uasset" 240
"../../../Engine/Content/EngineMaterials/DefaultBloomKernel.uasset" 241
"../../../Engine/Content/EngineMaterials/DefaultBokeh.uasset" 242
"../../../Engine/Content/EngineMaterials/DefaultDiffuse.uasset" 243
"../../../Engine/Content/EngineMaterials/DefaultDeferredDecalMaterial.uasset" 244
"../../../Engine/Content/EngineMaterials/DefaultLightFunctionMaterial.uasset" 245
"../../../Engine/Content/EngineMaterials/DefaultPhysicalMaterial.uasset" 246
"../../../Engine/Content/Functions/Engine_MaterialFunctions02/Utility/BreakOutFloat2Components.uasset" 247
"../../../Engine/Content/EngineMaterials/DefaultPostProcessMaterial.uasset" 248
"../../../Engine/Content/EngineFonts/RobotoDistanceField.uasset" 249
"../../../Engine/Content/EngineMaterials/DefaultTextMaterialOpaque.uasset" 250
"../../../Engine/Content/EngineMaterials/DefaultVirtualTextureMaterial.uasset" 251
"../../../Engine/Content/EngineMaterials/DefaultWhiteGrid.uasset" 252
"../../../Engine/Content/EngineMaterials/DefaultWhiteGrid_Low.uasset" 253
"../../../Engine/Content/EngineMaterials/EmissiveMeshMaterial.uasset" 254
"../../../Engine/Content/EngineMaterials/GizmoMaterial.uasset" 255
"../../../Engine/Content/EngineMaterials/Good64x64TilingNoiseHighFreq.uasset" 256
"../../../Engine/Content/EngineMaterials/HairDefaultMaterial.uasset" 257
"../../../Engine/Content/EngineMaterials/MiniFont.uasset" 258
"../../../Engine/Content/EngineMaterials/InvalidLightmapSettings.uasset" 259
"../../../Engine/Content/EngineMaterials/M_InvalidLightmapSettings.uasset" 260
"../../../Engine/Content/Functions/Engine_MaterialFunctions02/WorldPositionOffset/CameraOffset.uasset" 261
"../../../Engine/Content/EngineMaterials/PhAT_JointLimitMaterial.uasset" 262
"../../../Engine/Content/EngineMaterials/PreintegratedSkinBRDF.uasset" 263
"../../../Engine/Content/EngineMaterials/RemoveSurfaceMaterial.uasset" 264
"../../../Engine/Content/EngineMaterials/WeightMapPlaceholderTexture.uasset" 265
"../../../Engine/Content/EngineResources/WhiteSquareTexture.uasset" 266
"../../../Engine/Content/EngineMaterials/Widget3DPassThrough.uasset" 267
"../../../Engine/Content/EngineMaterials/Widget3DPassThrough_Masked.uasset" 268
"../../../Engine/Content/EngineMaterials/Widget3DPassThrough_Opaque.uasset" 269
"../../../Engine/Content/EngineMaterials/Widget3DPassThrough_Masked_OneSided.uasset" 270
"../../../Engine/Content/EngineMaterials/Widget3DPassThrough_Opaque_OneSided.uasset" 271
"../../../Engine/Content/EngineMaterials/Widget3DPassThrough_Translucent.uasset" 272
"../../../Engine/Content/EngineMaterials/Widget3DPassThrough_Translucent_OneSided.uasset" 273
"../../../Engine/Content/EngineMeshes/Cylinder.uasset" 274
"../../../Engine/Content/EngineMeshes/Sphere.uasset" 275
"../../../Engine/Content/EngineResources/Black.uasset" 276
"../../../Engine/Content/EngineResources/DefaultTexture.uasset" 277
"../../../Engine/Content/EngineResources/DefaultTextureCube.uasset" 278
"../../../Engine/Content/EngineResources/DefaultVolumeTexture2D.uasset" 279
"../../../Engine/Content/EngineResources/DefaultVolumeTexture.uasset" 280
"../../../Engine/Content/EngineResources/GradientTexture0.uasset" 281
"../../../Engine/Content/EngineSounds/Master.uasset" 282
"../../../Engine/Content/Functions/Engine_MaterialFunctions01/Shading/ConvertFromDiffSpec.uasset" 283
"../../../Engine/Content/Functions/Engine_MaterialFunctions01/Shading/PowerToRoughness.uasset" 284
"../../../Engine/Content/Maps/Templates/Thumbnails/Default.uasset" 285
"../../../Engine/Content/Maps/Templates/Thumbnails/TimeOfDay.uasset" 286
"../../../Engine/Content/Maps/Templates/Thumbnails/VR-Basic.uasset" 287
"../../../Engine/Content/MobileResources/T_MobileControls_texture.uasset" 288
"../../../Engine/Content/MobileResources/T_MobileMenu2.uasset" 289
"../../../Engine/Content/MobileResources/HUD/AnalogHat.uasset" 290
"../../../Engine/Content/MobileResources/HUD/VirtualJoystick_Background.uasset" 291
"../../../Engine/Content/MobileResources/HUD/VirtualJoystick_Thumb.uasset" 292
"../../../Engine/Content/MobileResources/HUD/DefaultVirtualJoysticks.uasset" 293
"../../../Engine/Content/MobileResources/HUD/LeftVirtualJoystickOnly.uasset" 294
"../../../Engine/Content/MobileResources/HUD/MobileHUDButton1_off.uasset" 295
"../../../Engine/Content/MobileResources/HUD/MobileHUDButton1_on.uasset" 296
"../../../Engine/Content/MobileResources/HUD/MobileHUDButton2_off.uasset" 297
"../../../Engine/Content/MobileResources/HUD/MobileHUDButton2_on.uasset" 298
"../../../Engine/Content/MobileResources/HUD/MobileHUDButton3.uasset" 299
"../../../Engine/Content/MobileResources/HUD/MobileHUDButtonFire.uasset" 300
"../../../Engine/Content/MobileResources/HUD/MobileHUDDirectionPad.uasset" 301
"../../../Engine/Content/MobileResources/HUD/MobileHUDDirectionPad2.uasset" 302
"../../../Engine/Content/MobileResources/HUD/MobileHUDDirectionPad3.uasset" 303
"../../../Engine/Content/MobileResources/HUD/MobileHUDDirectionStick.uasset" 304
"../../../Engine/Content/MobileResources/HUD/T_Castle_ThumbstickInner.uasset" 305
"../../../Engine/Content/MobileResources/HUD/T_Castle_ThumbstickOutter.uasset" 306
"../../../Engine/Content/Tutorial/ContentIntroCurve.uasset" 307
"../../../Engine/Content/Tutorial/Basics/LevelEditorAttract.uasset" 308
"../../../Engine/Content/VREditor/LaserPointer/VR_LaserPower_01.uasset" 309
"../../../Engine/Content/VREditor/TransformGizmo/TransformGizmoMaterial.uasset" 310
"../../../Engine/Content/VREditor/TransformGizmo/TranslucentTransformGizmoMaterial.uasset" 311
"../../../Engine/Content/VREditor/TransformGizmo/BoundingBoxCorner.uasset" 312
"../../../Engine/Content/VREditor/TransformGizmo/BoundingBoxEdge.uasset" 313
"../../../Engine/Content/VREditor/TransformGizmo/PlaneTranslationHandle.uasset" 314
"../../../Engine/Content/VREditor/TransformGizmo/Main.uasset" 315
"../../../Engine/Content/VREditor/TransformGizmo/Xray.uasset" 316
"../../../Engine/Content/VREditor/TransformGizmo/SM_Sequencer_Key.uasset" 317
"../../../Engine/Content/VREditor/TransformGizmo/SM_Sequencer_Node.uasset" 318
"../../Plugins/2D/Paper2D/Content/DummySprite.uasset" 319
"../../Plugins/2D/Paper2D/Content/DefaultPaperTerrainMaterial.uasset" 320
"../../Plugins/2D/Paper2D/Content/MaskedUnlitSpriteMaterial.uasset" 321
"../../Plugins/2D/Paper2D/Content/OpaqueUnlitSpriteMaterial.uasset" 322
"../../../Engine/Content/Functions/Engine_MaterialFunctions02/Utility/BreakOutFloat4Components.uasset" 323
"../../../Engine/Content/Functions/Engine_MaterialFunctions02/Utility/MakeFloat2.uasset" 324
"../../../Engine/Content/Functions/Engine_MaterialFunctions02/Utility/MakeFloat3.uasset" 325
"../../Plugins/Runtime/Oculus/OculusVR/Content/Materials/OculusMR_ChromaKey.uasset" 326
"../../Plugins/Runtime/Oculus/OculusVR/Content/Materials/OculusMR_ChromaKey_Lit.uasset" 327
"../../Plugins/Runtime/Oculus/OculusVR/Content/Materials/OculusMR_OpaqueColoredMaterial.uasset" 328
"../../Plugins/Runtime/Oculus/OculusVR/Content/Materials/OculusMR_WhiteMaterial.uasset" 329
"../../../../../../Users/meres/OneDrive/Documents/Unreal Projects/Sokoban/Content/PushPushPuzzle2DKit/Textures/Textures/UI/T_Exit.uasset" 330
"../../../../../../Users/meres/OneDrive/Documents/Unreal Projects/Sokoban/Content/PushPushPuzzle2DKit/Textures/Textures/UI/T_MainMenuBackground.uasset" 331
"../../../../../../Users/meres/OneDrive/Documents/Unreal Projects/Sokoban/Content/PushPushPuzzle2DKit/Textures/Textures/UI/T_Play.uasset" 332
"../../../../../../Users/meres/OneDrive/Documents/Unreal Projects/Sokoban/Content/PushPushPuzzle2DKit/Textures/UI/T_Options.uasset" 333
"../../../../../../Users/meres/OneDrive/Documents/Unreal Projects/Sokoban/Content/Blueprints/Widgets/BP_MainMenuWidget.uasset" 334
"../../../../../../Users/meres/OneDrive/Documents/Unreal Projects/Sokoban/Content/Blueprints/Widgets/BP_PauseWidget.uasset" 335
"../../../../../../Users/meres/OneDrive/Documents/Unreal Projects/Sokoban/Content/Blueprints/Game/BP_PlayerController.uasset" 336
"../../../../../../Users/meres/OneDrive/Documents/Unreal Projects/Sokoban/Content/PushPushPuzzle2DKit/Sprites/Boxes/SP-BoxRed.uasset" 337
"../../../../../../Users/meres/OneDrive/Documents/Unreal Projects/Sokoban/Content/PushPushPuzzle2DKit/Sprites/Boxes/SP_BoxBlue.uasset" 338
"../../../../../../Users/meres/OneDrive/Documents/Unreal Projects/Sokoban/Content/PushPushPuzzle2DKit/Sprites/Boxes/SP_BoxBrown.uasset" 339
"../../../../../../Users/meres/OneDrive/Documents/Unreal Projects/Sokoban/Content/PushPushPuzzle2DKit/Sprites/Boxes/SP_BoxGray.uasset" 340
"../../../../../../Users/meres/OneDrive/Documents/Unreal Projects/Sokoban/Content/PushPushPuzzle2DKit/Sprites/Boxes/SP_BoxGreen.uasset" 341
"../../../../../../Users/meres/OneDrive/Documents/Unreal Projects/Sokoban/Content/Blueprints/Objects/BP_Box.uasset" 342
"../../../../../../Users/meres/OneDrive/Documents/Unreal Projects/Sokoban/Content/PushPushPuzzle2DKit/Sprites/Coins/SP_CoinYellow.uasset" 343
"../../../../../../Users/meres/OneDrive/Documents/Unreal Projects/Sokoban/Content/Blueprints/Objects/BP_Coin.uasset" 344
"../../../../../../Users/meres/OneDrive/Documents/Unreal Projects/Sokoban/Content/PushPushPuzzle2DKit/Sprites/Goals/SP_GoalBlue.uasset" 345
"../../../../../../Users/meres/OneDrive/Documents/Unreal Projects/Sokoban/Content/PushPushPuzzle2DKit/Sprites/Goals/SP_GoalBrown.uasset" 346
"../../../../../../Users/meres/OneDrive/Documents/Unreal Projects/Sokoban/Content/PushPushPuzzle2DKit/Sprites/Goals/SP_GoalGreen.uasset" 347
"../../../../../../Users/meres/OneDrive/Documents/Unreal Projects/Sokoban/Content/PushPushPuzzle2DKit/Sprites/Goals/SP_GoalGrey.uasset" 348
"../../../../../../Users/meres/OneDrive/Documents/Unreal Projects/Sokoban/Content/PushPushPuzzle2DKit/Sprites/Goals/SP_GoalRed.uasset" 349
"../../../../../../Users/meres/OneDrive/Documents/Unreal Projects/Sokoban/Content/Blueprints/Objects/BP_Goal.uasset" 350
"../../../../../../Users/meres/OneDrive/Documents/Unreal Projects/Sokoban/Content/PushPushPuzzle2DKit/Sprites/Player/Plumber1/SP_Plumber1Down.uasset" 351
"../../../../../../Users/meres/OneDrive/Documents/Unreal Projects/Sokoban/Content/PushPushPuzzle2DKit/Animations/Plumber1/FB_Plumber1Down.uasset" 352
"../../../../../../Users/meres/OneDrive/Documents/Unreal Projects/Sokoban/Content/PushPushPuzzle2DKit/Textures/Textures/TileSheets/T_PushPushPuzzleTileSheet_Sprite_65.uasset" 353
"../../../../../../Users/meres/OneDrive/Documents/Unreal Projects/Sokoban/Content/PushPushPuzzle2DKit/Textures/Textures/TileSheets/T_PushPushPuzzleTileSheet_Sprite_66.uasset" 354
"../../../../../../Users/meres/OneDrive/Documents/Unreal Projects/Sokoban/Content/PushPushPuzzle2DKit/Textures/Textures/TileSheets/T_PushPushPuzzleTileSheet_Sprite_67.uasset" 355
"../../../../../../Users/meres/OneDrive/Documents/Unreal Projects/Sokoban/Content/PushPushPuzzle2DKit/Textures/Textures/TileSheets/FB_MoveDown.uasset" 356
"../../../../../../Users/meres/OneDrive/Documents/Unreal Projects/Sokoban/Content/PushPushPuzzle2DKit/Textures/Textures/TileSheets/T_PushPushPuzzleTileSheet_Sprite_94.uasset" 357
"../../../../../../Users/meres/OneDrive/Documents/Unreal Projects/Sokoban/Content/PushPushPuzzle2DKit/Textures/Textures/TileSheets/T_PushPushPuzzleTileSheet_Sprite_95.uasset" 358
"../../../../../../Users/meres/OneDrive/Documents/Unreal Projects/Sokoban/Content/PushPushPuzzle2DKit/Textures/Textures/TileSheets/T_PushPushPuzzleTileSheet_Sprite_96.uasset" 359
"../../../../../../Users/meres/OneDrive/Documents/Unreal Projects/Sokoban/Content/PushPushPuzzle2DKit/Textures/Textures/TileSheets/FB_MoveLeft.uasset" 360
"../../../../../../Users/meres/OneDrive/Documents/Unreal Projects/Sokoban/Content/PushPushPuzzle2DKit/Textures/Textures/TileSheets/T_PushPushPuzzleTileSheet_Sprite_91.uasset" 361
"../../../../../../Users/meres/OneDrive/Documents/Unreal Projects/Sokoban/Content/PushPushPuzzle2DKit/Textures/Textures/TileSheets/T_PushPushPuzzleTileSheet_Sprite_92.uasset" 362
"../../../../../../Users/meres/OneDrive/Documents/Unreal Projects/Sokoban/Content/PushPushPuzzle2DKit/Textures/Textures/TileSheets/T_PushPushPuzzleTileSheet_Sprite_93.uasset" 363
"../../../../../../Users/meres/OneDrive/Documents/Unreal Projects/Sokoban/Content/PushPushPuzzle2DKit/Textures/Textures/TileSheets/FB_MoveRight.uasset" 364
"../../../../../../Users/meres/OneDrive/Documents/Unreal Projects/Sokoban/Content/PushPushPuzzle2DKit/Textures/Textures/TileSheets/T_PushPushPuzzleTileSheet_Sprite_68.uasset" 365
"../../../../../../Users/meres/OneDrive/Documents/Unreal Projects/Sokoban/Content/PushPushPuzzle2DKit/Textures/Textures/TileSheets/T_PushPushPuzzleTileSheet_Sprite_69.uasset" 366
"../../../../../../Users/meres/OneDrive/Documents/Unreal Projects/Sokoban/Content/PushPushPuzzle2DKit/Textures/Textures/TileSheets/T_PushPushPuzzleTileSheet_Sprite_70.uasset" 367
"../../../../../../Users/meres/OneDrive/Documents/Unreal Projects/Sokoban/Content/PushPushPuzzle2DKit/Textures/Textures/TileSheets/FB_MoveUp.uasset" 368
"../../../../../../Users/meres/OneDrive/Documents/Unreal Projects/Sokoban/Content/Blueprints/Player/BP_Player.uasset" 369
"../../../../../../Users/meres/OneDrive/Documents/Unreal Projects/Sokoban/Content/PushPushPuzzle2DKit/Textures/TileSheets/T_PushPushPuzzleTileSheetPadded.uasset" 370
"../../../../../../Users/meres/OneDrive/Documents/Unreal Projects/Sokoban/Content/PushPushPuzzle2DKit/TileSets/TS_PushPushPuzzleTiles.uasset" 371
"../../../../../../Users/meres/OneDrive/Documents/Unreal Projects/Sokoban/Content/PushPushPuzzle2DKit/TileMaps/TM_Map01.uasset" 372
"../../../../../../Users/meres/OneDrive/Documents/Unreal Projects/Sokoban/Content/PushPushPuzzle2DKit/TileMaps/TM_Map02.uasset" 373
"../../../../../../Users/meres/OneDrive/Documents/Unreal Projects/Sokoban/Content/PushPushPuzzle2DKit/TileMaps/TM_Map03.uasset" 374
"../../../../../../Users/meres/OneDrive/Documents/Unreal Projects/Sokoban/Content/PushPushPuzzle2DKit/TileMaps/TM_Map04.uasset" 375
"../../../../../../Users/meres/OneDrive/Documents/Unreal Projects/Sokoban/Content/PushPushPuzzle2DKit/TileMaps/TM_Map05.uasset" 376
"../../../../../../Users/meres/OneDrive/Documents/Unreal Projects/Sokoban/Content/PushPushPuzzle2DKit/TileMaps/TM_Map06.uasset" 377
"../../../../../../Users/meres/OneDrive/Documents/Unreal Projects/Sokoban/Content/PushPushPuzzle2DKit/TileMaps/TM_Map07.uasset" 378
"../../../../../../Users/meres/OneDrive/Documents/Unreal Projects/Sokoban/Content/PushPushPuzzle2DKit/TileMaps/TM_Map08.uasset" 379
"../../../../../../Users/meres/OneDrive/Documents/Unreal Projects/Sokoban/Content/PushPushPuzzle2DKit/TileMaps/TM_Map09.uasset" 380
"../../../../../../Users/meres/OneDrive/Documents/Unreal Projects/Sokoban/Content/Blueprints/Level/BP_GameLevels.uasset" 381
"../../../../../../Users/meres/OneDrive/Documents/Unreal Projects/Sokoban/Content/PushPushPuzzle2DKit/Textures/Textures/UI/T_Steps.uasset" 382
"../../../../../../Users/meres/OneDrive/Documents/Unreal Projects/Sokoban/Content/PushPushPuzzle2DKit/Textures/UI/T_Coin.uasset" 383
"../../../../../../Users/meres/OneDrive/Documents/Unreal Projects/Sokoban/Content/PushPushPuzzle2DKit/Textures/UI/T_Exit.uasset" 384
"../../../../../../Users/meres/OneDrive/Documents/Unreal Projects/Sokoban/Content/Blueprints/Widgets/BP_GameWidget.uasset" 385
"../../../../../../Users/meres/OneDrive/Documents/Unreal Projects/Sokoban/Content/Blueprints/Game/BP_GameMode.uasset" 386
"../../../../../../Users/meres/OneDrive/Documents/Unreal Projects/Sokoban/Content/Maps/Level.umap" 387
